0 info it worked if it ends with ok
1 verbose cli [ '/Users/mmorgan/.nvm/versions/node/v6.9.2/bin/node',
1 verbose cli   '/Users/mmorgan/.nvm/versions/node/v6.9.2/bin/npm',
1 verbose cli   'run',
1 verbose cli   'watch' ]
2 info using npm@3.10.9
3 info using node@v6.9.2
4 verbose run-script [ 'prewatch', 'watch', 'postwatch' ]
5 info lifecycle word-search-kata@0.0.0~prewatch: word-search-kata@0.0.0
6 silly lifecycle word-search-kata@0.0.0~prewatch: no script for prewatch, continuing
7 info lifecycle word-search-kata@0.0.0~watch: word-search-kata@0.0.0
8 verbose lifecycle word-search-kata@0.0.0~watch: unsafe-perm in lifecycle true
9 verbose lifecycle word-search-kata@0.0.0~watch: PATH: /Users/mmorgan/.nvm/versions/node/v6.9.2/lib/node_modules/npm/bin/node-gyp-bin:/Users/mmorgan/katas/word-search-kata/node_modules/.bin:/Library/Frameworks/Python.framework/Versions/3.4/bin:/Users/mmorgan/.rvm/gems/ruby-2.2.4/bin:/Users/mmorgan/.rvm/gems/ruby-2.2.4@global/bin:/Users/mmorgan/.rvm/rubies/ruby-2.2.4/bin:/Users/mmorgan/.nvm/versions/node/v6.9.2/bin:/usr/local/sbin:/Users/mmorgan/.npm-packages/bin:/usr/local/bin:/usr/bin:/bin:/usr/sbin:/sbin:/opt/X11/bin:/Users/mmorgan/kafka/bin:/Users/mmorgan/kafka/follow-logs.sh:/Users/mmorgan/tools/apache-maven-3.3.9/bin:/Users/mmorgan/.rvm/bin
10 verbose lifecycle word-search-kata@0.0.0~watch: CWD: /Users/mmorgan/katas/word-search-kata
11 silly lifecycle word-search-kata@0.0.0~watch: Args: [ '-c', 'jest --watch ./*' ]
12 info lifecycle word-search-kata@0.0.0~watch: Failed to exec watch script
13 verbose stack Error: word-search-kata@0.0.0 watch: `jest --watch ./*`
13 verbose stack spawn ENOENT
13 verbose stack     at ChildProcess.<anonymous> (/Users/mmorgan/.nvm/versions/node/v6.9.2/lib/node_modules/npm/lib/utils/spawn.js:33:16)
13 verbose stack     at emitTwo (events.js:106:13)
13 verbose stack     at ChildProcess.emit (events.js:191:7)
13 verbose stack     at maybeClose (internal/child_process.js:877:16)
13 verbose stack     at Process.ChildProcess._handle.onexit (internal/child_process.js:226:5)
14 verbose pkgid word-search-kata@0.0.0
15 verbose cwd /Users/mmorgan/katas/word-search-kata
16 error Darwin 16.5.0
17 error argv "/Users/mmorgan/.nvm/versions/node/v6.9.2/bin/node" "/Users/mmorgan/.nvm/versions/node/v6.9.2/bin/npm" "run" "watch"
18 error node v6.9.2
19 error npm  v3.10.9
20 error file sh
21 error code ELIFECYCLE
22 error errno ENOENT
23 error syscall spawn
24 error word-search-kata@0.0.0 watch: `jest --watch ./*`
24 error spawn ENOENT
25 error Failed at the word-search-kata@0.0.0 watch script 'jest --watch ./*'.
25 error Make sure you have the latest version of node.js and npm installed.
25 error If you do, this is most likely a problem with the word-search-kata package,
25 error not with npm itself.
25 error Tell the author that this fails on your system:
25 error     jest --watch ./*
25 error You can get information on how to open an issue for this project with:
25 error     npm bugs word-search-kata
25 error Or if that isn't available, you can get their info via:
25 error     npm owner ls word-search-kata
25 error There is likely additional logging output above.
26 verbose exit [ 1, true ]
